<?xml version="1.0" encoding="UTF-8" ?>
<testsuite errors="0" failures="0" hostname="vinzor-virtual-machine" name="JumperTest" skipped="0" tests="4" time="0.211" timestamp="2015-08-21T08:33:44">
  <properties>
[...]
</properties>
  <testcase classname="JumperTest" name="TestJumperColorWhenTurn" time="0.033" />
  <testcase classname="JumperTest" name="TestJumpOverRock" time="0.005" />
  <testcase classname="JumperTest" name="TestOutOfGrid" time="0.0" />
  <testcase classname="JumperTest" name="TestJumperColorWhenJump" time="0.001" />
  <system-out><![CDATA[]]></system-out>
  <system-err><![CDATA[]]></system-err>
</testsuite>
